Arguments: 
  C:\Program Files\nodejs\node.exe C:\Program Files (x86)\Yarn\bin\yarn.js start

PATH: 
  C:\Users\ttron\bin;C:\Program Files\Git\mingw64\bin;C:\Program Files\Git\usr\local\bin;C:\Program Files\Git\usr\bin;C:\Program Files\Git\usr\bin;C:\Program Files\Git\mingw64\bin;C:\Program Files\Git\usr\bin;C:\Users\ttron\bin;C:\Program Files\Broadcom\Broadcom 802.11 Network Adapter\Driver;C:\WINDOWS\system32;C:\WINDOWS;C:\WINDOWS\System32\Wbem;C:\WINDOWS\System32\WindowsPowerShell\v1.0;C:\Program Files (x86)\Skype\Phone;C:\Program Files\nodejs;D:\MongoDB\Server\bin;C:\Program Files\Git\cmd;C:\Program Files (x86)\Yarn\bin;C:\Users\ttron\AppData\Local\Microsoft\WindowsApps;C:\Users\ttron\AppData\Local\GitHubDesktop\bin;C:\Users\ttron\AppData\Roaming\npm;C:\Users\ttron\AppData\Local\Microsoft\WindowsApps;D:\Microsoft VS Code\bin;C:\Users\ttron\AppData\Local\Yarn\bin;D:\Heroku\bin;C:\Program Files\Git\usr\bin\vendor_perl;C:\Program Files\Git\usr\bin\core_perl

Yarn version: 
  1.5.1

Node version: 
  8.9.1

Platform: 
  win32 x64

npm manifest: 
  {
    "name": "2018-hr",
    "version": "1.0.1",
    "description": "2018-hr",
    "author": {
      "name": "Leon Tran",
      "email": "leon@agikigi.com",
      "url": "http://agikigi.com"
    },
    "private": true,
    "scripts": {
      "start": "node ./bin/www"
    },
    "dependencies": {
      "bcrypt-nodejs": "0.0.3",
      "body-parser": "~1.18.2",
      "consolidate": "^0.15.0",
      "cookie-parser": "~1.4.3",
      "dateformat": "^3.0.2",
      "debug": "~2.6.9",
      "ejs": "^2.5.7",
      "express": "^4.16.2",
      "fs": "0.0.1-security",
      "fs-extra": "^5.0.0",
      "mongodb": "^3.0.1",
      "mongoose": "^5.0.7",
      "morgan": "~1.9.0",
      "multer": "^1.3.0",
      "mysql": "^2.15.0",
      "pug": "2.0.0-beta11",
      "redis": "^2.8.0",
      "request": "^2.83.0",
      "serve-favicon": "~2.4.5",
      "sha256": "^0.2.0",
      "socket.io": "^2.0.4",
      "socket.io-client": "^2.0.4",
      "xlsx": "^0.11.16",
      "md5": "^2.0.0",
      "csv": "^2.0.0",
      "async": "^2.6.0",
      "express-session": "^1.15.6"
    }
  }

yarn manifest: 
  No manifest

Lockfile: 
  No lockfile

Trace: 
  Error: Command failed.
  Exit code: 3221225477
  Command: C:\WINDOWS\system32\cmd.exe
  Arguments: /d /s /c node ./bin/www
  Directory: D:\nodejs\mbs\portal
  Output:
  
      at ProcessTermError.MessageError (C:\Program Files (x86)\Yarn\lib\cli.js:186:110)
      at new ProcessTermError (C:\Program Files (x86)\Yarn\lib\cli.js:226:113)
      at ChildProcess.<anonymous> (C:\Program Files (x86)\Yarn\lib\cli.js:30281:17)
      at emitTwo (events.js:126:13)
      at ChildProcess.emit (events.js:214:7)
      at maybeClose (internal/child_process.js:925:16)
      at Process.ChildProcess._handle.onexit (internal/child_process.js:209:5)
